2022-11-15 22:00:13.693  WARN 18440 --- [main] ory$DuplicateJsonObjectContextCustomizer : 

Found multiple occurrences of org.json.JSONObject on the class path:

	jar:file:/C:/Users/hatim/.m2/repository/com/vaadin/external/google/android-json/0.0.20131108.vaadin1/android-json-0.0.20131108.vaadin1.jar!/org/json/JSONObject.class
	jar:file:/C:/Users/hatim/.m2/repository/org/json/json/20220320/json-20220320.jar!/org/json/JSONObject.class

You may wish to exclude one of them to ensure predictable runtime behavior

2022-11-15 22:00:13.712  INFO 18440 --- [main] dal.api.banque.BanqueApplicationTests    : Starting BanqueApplicationTests using Java 17.0.4.1 on Hatim-PC with PID 18440 (started by hatim in D:\hatim\Desktop\dal-banque)
2022-11-15 22:00:13.714  INFO 18440 --- [main] dal.api.banque.BanqueApplicationTests    : The following 1 profile is active: "test"
2022-11-15 22:00:14.465  INFO 18440 --- [main] .s.d.r.c.RepositoryConfigurationDelegate : Bootstrapping Spring Data MongoDB repositories in DEFAULT mode.
2022-11-15 22:00:14.537  INFO 18440 --- [main] .s.d.r.c.RepositoryConfigurationDelegate : Finished Spring Data repository scanning in 64 ms. Found 3 MongoDB repository interfaces.
2022-11-15 22:00:15.359  INFO 18440 --- [main] org.mongodb.driver.client                : MongoClient with metadata {"driver": {"name": "mongo-java-driver|sync|spring-boot", "version": "4.6.1"}, "os": {"type": "Windows", "name": "Windows 10", "architecture": "amd64", "version": "10.0"}, "platform": "Java/Oracle Corporation/17.0.4.1+1-LTS-2"} created with settings MongoClientSettings{readPreference=primary, writeConcern=WriteConcern{w=null, wTimeout=null ms, journal=null}, retryWrites=true, retryReads=true, readConcern=ReadConcern{level=null}, credential=MongoCredential{mechanism=null, userName='admin', source='admin', password=<hidden>, mechanismProperties=<hidden>}, streamFactoryFactory=null, commandListeners=[], codecRegistry=ProvidersCodecRegistry{codecProviders=[ValueCodecProvider{}, BsonValueCodecProvider{}, DBRefCodecProvider{}, DBObjectCodecProvider{}, DocumentCodecProvider{}, IterableCodecProvider{}, MapCodecProvider{}, GeoJsonCodecProvider{}, GridFSFileCodecProvider{}, Jsr310CodecProvider{}, JsonObjectCodecProvider{}, BsonCodecProvider{}, EnumCodecProvider{}, com.mongodb.Jep395RecordCodecProvider@77dba4cd]}, clusterSettings={hosts=[127.0.0.1:27017], srvHost=cluster0.ixeky8x.mongodb.net, srvServiceName=mongodb, mode=MULTIPLE, requiredClusterType=REPLICA_SET, requiredReplicaSetName='atlas-o068so-shard-0', serverSelector='null', clusterListeners='[]', serverSelectionTimeout='30000 ms', localThreshold='30000 ms'}, socketSettings=SocketSettings{connectTimeoutMS=10000, readTimeoutMS=0, receiveBufferSize=0, sendBufferSize=0}, heartbeatSocketSettings=SocketSettings{connectTimeoutMS=10000, readTimeoutMS=10000, receiveBufferSize=0, sendBufferSize=0}, connectionPoolSettings=ConnectionPoolSettings{maxSize=100, minSize=0, maxWaitTimeMS=120000, maxConnectionLifeTimeMS=0, maxConnectionIdleTimeMS=0, maintenanceInitialDelayMS=0, maintenanceFrequencyMS=60000, connectionPoolListeners=[], maxConnecting=2}, serverSettings=ServerSettings{heartbeatFrequencyMS=10000, minHeartbeatFrequencyMS=500, serverListeners='[]', serverMonitorListeners='[]'}, sslSettings=SslSettings{enabled=true, invalidHostNameAllowed=false, context=null}, applicationName='null', compressorList=[], uuidRepresentation=JAVA_LEGACY, serverApi=null, autoEncryptionSettings=null, contextProvider=null}
2022-11-15 22:00:15.386  INFO 18440 --- [cluster-ClusterId{value='6373fddfef46563496da160e', description='null'}-srv-cluster0.ixeky8x.mongodb.net] org.mongodb.driver.cluster               : Adding discovered server ac-zmrs4ec-shard-00-02.ixeky8x.mongodb.net:27017 to client view of cluster
2022-11-15 22:00:15.432  INFO 18440 --- [cluster-ClusterId{value='6373fddfef46563496da160e', description='null'}-srv-cluster0.ixeky8x.mongodb.net] org.mongodb.driver.cluster               : Adding discovered server ac-zmrs4ec-shard-00-01.ixeky8x.mongodb.net:27017 to client view of cluster
2022-11-15 22:00:15.433  INFO 18440 --- [cluster-ClusterId{value='6373fddfef46563496da160e', description='null'}-srv-cluster0.ixeky8x.mongodb.net] org.mongodb.driver.cluster               : Adding discovered server ac-zmrs4ec-shard-00-00.ixeky8x.mongodb.net:27017 to client view of cluster
2022-11-15 22:00:15.956  WARN 18440 --- [main] o.s.w.c.s.GenericWebApplicationContext   : Exception encountered during context initialization - cancelling refresh attempt: org.springframework.beans.factory.UnsatisfiedDependencyException: Error creating bean with name 'banqueController': Unsatisfied dependency expressed through field 'banqueService'; nested exception is org.springframework.beans.factory.UnsatisfiedDependencyException: Error creating bean with name 'banqueService': Unsatisfied dependency expressed through field 'accountService'; nested exception is org.springframework.beans.factory.UnsatisfiedDependencyException: Error creating bean with name 'accountService': Unsatisfied dependency expressed through field 'stockService'; nested exception is org.springframework.beans.factory.BeanCreationException: Error creating bean with name 'stockService' defined in file [D:\hatim\Desktop\dal-banque\target\classes\dal\api\banque\services\StockService.class]: Instantiation of bean failed; nested exception is org.springframework.beans.BeanInstantiationException: Failed to instantiate [dal.api.banque.services.StockService]: Constructor threw exception; nested exception is java.lang.NoSuchMethodError: 'java.util.Set org.json.JSONObject.keySet()'
2022-11-15 22:00:15.977  INFO 18440 --- [main] ConditionEvaluationReportLoggingListener : 

Error starting ApplicationContext. To display the conditions report re-run your application with 'debug' enabled.
2022-11-15 22:00:16.022 ERROR 18440 --- [main] o.s.b.d.LoggingFailureAnalysisReporter   : 

***************************
APPLICATION FAILED TO START
***************************

Description:

An attempt was made to call a method that does not exist. The attempt was made from the following location:

    dal.api.banque.services.StockService.loadClientsData(StockService.java:29)

The following method did not exist:

    'java.util.Set org.json.JSONObject.keySet()'

The calling method's class, dal.api.banque.services.StockService, was loaded from the following location:

    file:/D:/hatim/Desktop/dal-banque/target/classes/dal/api/banque/services/StockService.class

The called method's class, org.json.JSONObject, is available from the following locations:

    jar:file:/C:/Users/hatim/.m2/repository/com/vaadin/external/google/android-json/0.0.20131108.vaadin1/android-json-0.0.20131108.vaadin1.jar!/org/json/JSONObject.class
    jar:file:/C:/Users/hatim/.m2/repository/org/json/json/20220320/json-20220320.jar!/org/json/JSONObject.class

The called method's class hierarchy was loaded from the following locations:

    org.json.JSONObject: file:/C:/Users/hatim/.m2/repository/com/vaadin/external/google/android-json/0.0.20131108.vaadin1/android-json-0.0.20131108.vaadin1.jar


Action:

Correct the classpath of your application so that it contains compatible versions of the classes dal.api.banque.services.StockService and org.json.JSONObject

2022-11-15 22:00:16.042 ERROR 18440 --- [main] o.s.test.context.TestContextManager      : Caught exception while allowing TestExecutionListener [org.springframework.test.context.web.ServletTestExecutionListener@54e7df6a] to prepare test instance [dal.api.banque.BanqueApplicationTests@261de205]

java.lang.IllegalStateException: Failed to load ApplicationContext
	at org.springframework.test.context.cache.DefaultCacheAwareContextLoaderDelegate.loadContext(DefaultCacheAwareContextLoaderDelegate.java:98) ~[spring-test-5.3.23.jar:5.3.23]
	at org.springframework.test.context.support.DefaultTestContext.getApplicationContext(DefaultTestContext.java:124) ~[spring-test-5.3.23.jar:5.3.23]
	at org.springframework.test.context.web.ServletTestExecutionListener.setUpRequestContextIfNecessary(ServletTestExecutionListener.java:190) ~[spring-test-5.3.23.jar:5.3.23]
	at org.springframework.test.context.web.ServletTestExecutionListener.prepareTestInstance(ServletTestExecutionListener.java:132) ~[spring-test-5.3.23.jar:5.3.23]
	at org.springframework.test.context.TestContextManager.prepareTestInstance(TestContextManager.java:248) ~[spring-test-5.3.23.jar:5.3.23]
	at org.springframework.test.context.junit.jupiter.SpringExtension.postProcessTestInstance(SpringExtension.java:138) ~[spring-test-5.3.23.jar:5.3.23]
	at org.junit.jupiter.engine.descriptor.ClassBasedTestDescriptor.lambda$invokeTestInstancePostProcessors$8(ClassBasedTestDescriptor.java:363) ~[junit-jupiter-engine-5.8.2.jar:5.8.2]
	at org.junit.jupiter.engine.descriptor.ClassBasedTestDescriptor.executeAndMaskThrowable(ClassBasedTestDescriptor.java:368) ~[junit-jupiter-engine-5.8.2.jar:5.8.2]
	at org.junit.jupiter.engine.descriptor.ClassBasedTestDescriptor.lambda$invokeTestInstancePostProcessors$9(ClassBasedTestDescriptor.java:363) ~[junit-jupiter-engine-5.8.2.jar:5.8.2]
	at java.base/java.util.stream.ReferencePipeline$3$1.accept(ReferencePipeline.java:197) ~[na:na]
	at java.base/java.util.stream.ReferencePipeline$2$1.accept(ReferencePipeline.java:179) ~[na:na]
	at java.base/java.util.ArrayList$ArrayListSpliterator.forEachRemaining(ArrayList.java:1625) ~[na:na]
	at java.base/java.util.stream.AbstractPipeline.copyInto(AbstractPipeline.java:509) ~[na:na]
	at java.base/java.util.stream.AbstractPipeline.wrapAndCopyInto(AbstractPipeline.java:499) ~[na:na]
	at java.base/java.util.stream.StreamSpliterators$WrappingSpliterator.forEachRemaining(StreamSpliterators.java:310) ~[na:na]
	at java.base/java.util.stream.Streams$ConcatSpliterator.forEachRemaining(Streams.java:735) ~[na:na]
	at java.base/java.util.stream.ReferencePipeline$Head.forEach(ReferencePipeline.java:762) ~[na:na]
	at org.junit.jupiter.engine.descriptor.ClassBasedTestDescriptor.invokeTestInstancePostProcessors(ClassBasedTestDescriptor.java:362) ~[junit-jupiter-engine-5.8.2.jar:5.8.2]
	at org.junit.jupiter.engine.descriptor.ClassBasedTestDescriptor.lambda$instantiateAndPostProcessTestInstance$6(ClassBasedTestDescriptor.java:283) ~[junit-jupiter-engine-5.8.2.jar:5.8.2]
	at org.junit.platform.engine.support.hierarchical.ThrowableCollector.execute(ThrowableCollector.java:73) ~[junit-platform-engine-1.8.2.jar:1.8.2]
	at org.junit.jupiter.engine.descriptor.ClassBasedTestDescriptor.instantiateAndPostProcessTestInstance(ClassBasedTestDescriptor.java:282) ~[junit-jupiter-engine-5.8.2.jar:5.8.2]
	at org.junit.jupiter.engine.descriptor.ClassBasedTestDescriptor.lambda$testInstancesProvider$4(ClassBasedTestDescriptor.java:272) ~[junit-jupiter-engine-5.8.2.jar:5.8.2]
	at java.base/java.util.Optional.orElseGet(Optional.java:364) ~[na:na]
	at org.junit.jupiter.engine.descriptor.ClassBasedTestDescriptor.lambda$testInstancesProvider$5(ClassBasedTestDescriptor.java:271) ~[junit-jupiter-engine-5.8.2.jar:5.8.2]
	at org.junit.jupiter.engine.execution.TestInstancesProvider.getTestInstances(TestInstancesProvider.java:31) ~[junit-jupiter-engine-5.8.2.jar:5.8.2]
	at org.junit.jupiter.engine.descriptor.ClassBasedTestDescriptor.lambda$before$2(ClassBasedTestDescriptor.java:197) ~[junit-jupiter-engine-5.8.2.jar:5.8.2]
	at org.junit.platform.engine.support.hierarchical.ThrowableCollector.execute(ThrowableCollector.java:73) ~[junit-platform-engine-1.8.2.jar:1.8.2]
	at org.junit.jupiter.engine.descriptor.ClassBasedTestDescriptor.before(ClassBasedTestDescriptor.java:196) ~[junit-jupiter-engine-5.8.2.jar:5.8.2]
	at org.junit.jupiter.engine.descriptor.ClassBasedTestDescriptor.before(ClassBasedTestDescriptor.java:80) ~[junit-jupiter-engine-5.8.2.jar:5.8.2]
	at org.junit.platform.engine.support.hierarchical.NodeTestTask.lambda$executeRecursively$6(NodeTestTask.java:148) ~[junit-platform-engine-1.8.2.jar:1.8.2]
	at org.junit.platform.engine.support.hierarchical.ThrowableCollector.execute(ThrowableCollector.java:73) ~[junit-platform-engine-1.8.2.jar:1.8.2]
	at org.junit.platform.engine.support.hierarchical.NodeTestTask.lambda$executeRecursively$8(NodeTestTask.java:141) ~[junit-platform-engine-1.8.2.jar:1.8.2]
	at org.junit.platform.engine.support.hierarchical.Node.around(Node.java:137) ~[junit-platform-engine-1.8.2.jar:1.8.2]
	at org.junit.platform.engine.support.hierarchical.NodeTestTask.lambda$executeRecursively$9(NodeTestTask.java:139) ~[junit-platform-engine-1.8.2.jar:1.8.2]
	at org.junit.platform.engine.support.hierarchical.ThrowableCollector.execute(ThrowableCollector.java:73) ~[junit-platform-engine-1.8.2.jar:1.8.2]
	at org.junit.platform.engine.support.hierarchical.NodeTestTask.executeRecursively(NodeTestTask.java:138) ~[junit-platform-engine-1.8.2.jar:1.8.2]
	at org.junit.platform.engine.support.hierarchical.NodeTestTask.execute(NodeTestTask.java:95) ~[junit-platform-engine-1.8.2.jar:1.8.2]
	at java.base/java.util.ArrayList.forEach(ArrayList.java:1511) ~[na:na]
	at org.junit.platform.engine.support.hierarchical.SameThreadHierarchicalTestExecutorService.invokeAll(SameThreadHierarchicalTestExecutorService.java:41) ~[junit-platform-engine-1.8.2.jar:1.8.2]
	at org.junit.platform.engine.support.hierarchical.NodeTestTask.lambda$executeRecursively$6(NodeTestTask.java:155) ~[junit-platform-engine-1.8.2.jar:1.8.2]
	at org.junit.platform.engine.support.hierarchical.ThrowableCollector.execute(ThrowableCollector.java:73) ~[junit-platform-engine-1.8.2.jar:1.8.2]
	at org.junit.platform.engine.support.hierarchical.NodeTestTask.lambda$executeRecursively$8(NodeTestTask.java:141) ~[junit-platform-engine-1.8.2.jar:1.8.2]
	at org.junit.platform.engine.support.hierarchical.Node.around(Node.java:137) ~[junit-platform-engine-1.8.2.jar:1.8.2]
	at org.junit.platform.engine.support.hierarchical.NodeTestTask.lambda$executeRecursively$9(NodeTestTask.java:139) ~[junit-platform-engine-1.8.2.jar:1.8.2]
	at org.junit.platform.engine.support.hierarchical.ThrowableCollector.execute(ThrowableCollector.java:73) ~[junit-platform-engine-1.8.2.jar:1.8.2]
	at org.junit.platform.engine.support.hierarchical.NodeTestTask.executeRecursively(NodeTestTask.java:138) ~[junit-platform-engine-1.8.2.jar:1.8.2]
	at org.junit.platform.engine.support.hierarchical.NodeTestTask.execute(NodeTestTask.java:95) ~[junit-platform-engine-1.8.2.jar:1.8.2]
	at org.junit.platform.engine.support.hierarchical.SameThreadHierarchicalTestExecutorService.submit(SameThreadHierarchicalTestExecutorService.java:35) ~[junit-platform-engine-1.8.2.jar:1.8.2]
	at org.junit.platform.engine.support.hierarchical.HierarchicalTestExecutor.execute(HierarchicalTestExecutor.java:57) ~[junit-platform-engine-1.8.2.jar:1.8.2]
	at org.junit.platform.engine.support.hierarchical.HierarchicalTestEngine.execute(HierarchicalTestEngine.java:54) ~[junit-platform-engine-1.8.2.jar:1.8.2]
	at org.junit.platform.launcher.core.DefaultLauncher.execute(DefaultLauncher.java:220) ~[junit-platform-launcher-1.3.1.jar:1.3.1]
	at org.junit.platform.launcher.core.DefaultLauncher.lambda$execute$6(DefaultLauncher.java:188) ~[junit-platform-launcher-1.3.1.jar:1.3.1]
	at org.junit.platform.launcher.core.DefaultLauncher.withInterceptedStreams(DefaultLauncher.java:202) ~[junit-platform-launcher-1.3.1.jar:1.3.1]
	at org.junit.platform.launcher.core.DefaultLauncher.execute(DefaultLauncher.java:181) ~[junit-platform-launcher-1.3.1.jar:1.3.1]
	at org.junit.platform.launcher.core.DefaultLauncher.execute(DefaultLauncher.java:128) ~[junit-platform-launcher-1.3.1.jar:1.3.1]
	at org.apache.maven.surefire.junitplatform.JUnitPlatformProvider.invokeAllTests(JUnitPlatformProvider.java:150) ~[surefire-junit-platform-2.22.2.jar:2.22.2]
	at org.apache.maven.surefire.junitplatform.JUnitPlatformProvider.invoke(JUnitPlatformProvider.java:124) ~[surefire-junit-platform-2.22.2.jar:2.22.2]
	at org.apache.maven.surefire.booter.ForkedBooter.invokeProviderInSameClassLoader(ForkedBooter.java:384) ~[surefire-booter-2.22.2.jar:2.22.2]
	at org.apache.maven.surefire.booter.ForkedBooter.runSuitesInProcess(ForkedBooter.java:345) ~[surefire-booter-2.22.2.jar:2.22.2]
	at org.apache.maven.surefire.booter.ForkedBooter.execute(ForkedBooter.java:126) ~[surefire-booter-2.22.2.jar:2.22.2]
	at org.apache.maven.surefire.booter.ForkedBooter.main(ForkedBooter.java:418) ~[surefire-booter-2.22.2.jar:2.22.2]
Caused by: org.springframework.beans.factory.UnsatisfiedDependencyException: Error creating bean with name 'banqueController': Unsatisfied dependency expressed through field 'banqueService'; nested exception is org.springframework.beans.factory.UnsatisfiedDependencyException: Error creating bean with name 'banqueService': Unsatisfied dependency expressed through field 'accountService'; nested exception is org.springframework.beans.factory.UnsatisfiedDependencyException: Error creating bean with name 'accountService': Unsatisfied dependency expressed through field 'stockService'; nested exception is org.springframework.beans.factory.BeanCreationException: Error creating bean with name 'stockService' defined in file [D:\hatim\Desktop\dal-banque\target\classes\dal\api\banque\services\StockService.class]: Instantiation of bean failed; nested exception is org.springframework.beans.BeanInstantiationException: Failed to instantiate [dal.api.banque.services.StockService]: Constructor threw exception; nested exception is java.lang.NoSuchMethodError: 'java.util.Set org.json.JSONObject.keySet()'
	at org.springframework.beans.factory.annotation.AutowiredAnnotationBeanPostProcessor$AutowiredFieldElement.resolveFieldValue(AutowiredAnnotationBeanPostProcessor.java:659) ~[spring-beans-5.3.23.jar:5.3.23]
	at org.springframework.beans.factory.annotation.AutowiredAnnotationBeanPostProcessor$AutowiredFieldElement.inject(AutowiredAnnotationBeanPostProcessor.java:639) ~[spring-beans-5.3.23.jar:5.3.23]
	at org.springframework.beans.factory.annotation.InjectionMetadata.inject(InjectionMetadata.java:119) ~[spring-beans-5.3.23.jar:5.3.23]
	at org.springframework.beans.factory.annotation.AutowiredAnnotationBeanPostProcessor.postProcessProperties(AutowiredAnnotationBeanPostProcessor.java:399) ~[spring-beans-5.3.23.jar:5.3.23]
	at org.springframework.beans.factory.support.AbstractAutowireCapableBeanFactory.populateBean(AbstractAutowireCapableBeanFactory.java:1431) ~[spring-beans-5.3.23.jar:5.3.23]
	at org.springframework.beans.factory.support.AbstractAutowireCapableBeanFactory.doCreateBean(AbstractAutowireCapableBeanFactory.java:619) ~[spring-beans-5.3.23.jar:5.3.23]
	at org.springframework.beans.factory.support.AbstractAutowireCapableBeanFactory.createBean(AbstractAutowireCapableBeanFactory.java:542) ~[spring-beans-5.3.23.jar:5.3.23]
	at org.springframework.beans.factory.support.AbstractBeanFactory.lambda$doGetBean$0(AbstractBeanFactory.java:335) ~[spring-beans-5.3.23.jar:5.3.23]
	at org.springframework.beans.factory.support.DefaultSingletonBeanRegistry.getSingleton(DefaultSingletonBeanRegistry.java:234) ~[spring-beans-5.3.23.jar:5.3.23]
	at org.springframework.beans.factory.support.AbstractBeanFactory.doGetBean(AbstractBeanFactory.java:333) ~[spring-beans-5.3.23.jar:5.3.23]
	at org.springframework.beans.factory.support.AbstractBeanFactory.getBean(AbstractBeanFactory.java:208) ~[spring-beans-5.3.23.jar:5.3.23]
	at org.springframework.beans.factory.support.DefaultListableBeanFactory.preInstantiateSingletons(DefaultListableBeanFactory.java:955) ~[spring-beans-5.3.23.jar:5.3.23]
	at org.springframework.context.support.AbstractApplicationContext.finishBeanFactoryInitialization(AbstractApplicationContext.java:918) ~[spring-context-5.3.23.jar:5.3.23]
	at org.springframework.context.support.AbstractApplicationContext.refresh(AbstractApplicationContext.java:583) ~[spring-context-5.3.23.jar:5.3.23]
	at org.springframework.boot.SpringApplication.refresh(SpringApplication.java:734) ~[spring-boot-2.7.5.jar:2.7.5]
	at org.springframework.boot.SpringApplication.refreshContext(SpringApplication.java:408) ~[spring-boot-2.7.5.jar:2.7.5]
	at org.springframework.boot.SpringApplication.run(SpringApplication.java:308) ~[spring-boot-2.7.5.jar:2.7.5]
	at org.springframework.boot.test.context.SpringBootContextLoader.loadContext(SpringBootContextLoader.java:132) ~[spring-boot-test-2.7.5.jar:2.7.5]
	at org.springframework.test.context.cache.DefaultCacheAwareContextLoaderDelegate.loadContextInternal(DefaultCacheAwareContextLoaderDelegate.java:141) ~[spring-test-5.3.23.jar:5.3.23]
	at org.springframework.test.context.cache.DefaultCacheAwareContextLoaderDelegate.loadContext(DefaultCacheAwareContextLoaderDelegate.java:90) ~[spring-test-5.3.23.jar:5.3.23]
	... 60 common frames omitted
Caused by: org.springframework.beans.factory.UnsatisfiedDependencyException: Error creating bean with name 'banqueService': Unsatisfied dependency expressed through field 'accountService'; nested exception is org.springframework.beans.factory.UnsatisfiedDependencyException: Error creating bean with name 'accountService': Unsatisfied dependency expressed through field 'stockService'; nested exception is org.springframework.beans.factory.BeanCreationException: Error creating bean with name 'stockService' defined in file [D:\hatim\Desktop\dal-banque\target\classes\dal\api\banque\services\StockService.class]: Instantiation of bean failed; nested exception is org.springframework.beans.BeanInstantiationException: Failed to instantiate [dal.api.banque.services.StockService]: Constructor threw exception; nested exception is java.lang.NoSuchMethodError: 'java.util.Set org.json.JSONObject.keySet()'
	at org.springframework.beans.factory.annotation.AutowiredAnnotationBeanPostProcessor$AutowiredFieldElement.resolveFieldValue(AutowiredAnnotationBeanPostProcessor.java:659) ~[spring-beans-5.3.23.jar:5.3.23]
	at org.springframework.beans.factory.annotation.AutowiredAnnotationBeanPostProcessor$AutowiredFieldElement.inject(AutowiredAnnotationBeanPostProcessor.java:639) ~[spring-beans-5.3.23.jar:5.3.23]
	at org.springframework.beans.factory.annotation.InjectionMetadata.inject(InjectionMetadata.java:119) ~[spring-beans-5.3.23.jar:5.3.23]
	at org.springframework.beans.factory.annotation.AutowiredAnnotationBeanPostProcessor.postProcessProperties(AutowiredAnnotationBeanPostProcessor.java:399) ~[spring-beans-5.3.23.jar:5.3.23]
	at org.springframework.beans.factory.support.AbstractAutowireCapableBeanFactory.populateBean(AbstractAutowireCapableBeanFactory.java:1431) ~[spring-beans-5.3.23.jar:5.3.23]
	at org.springframework.beans.factory.support.AbstractAutowireCapableBeanFactory.doCreateBean(AbstractAutowireCapableBeanFactory.java:619) ~[spring-beans-5.3.23.jar:5.3.23]
	at org.springframework.beans.factory.support.AbstractAutowireCapableBeanFactory.createBean(AbstractAutowireCapableBeanFactory.java:542) ~[spring-beans-5.3.23.jar:5.3.23]
	at org.springframework.beans.factory.support.AbstractBeanFactory.lambda$doGetBean$0(AbstractBeanFactory.java:335) ~[spring-beans-5.3.23.jar:5.3.23]
	at org.springframework.beans.factory.support.DefaultSingletonBeanRegistry.getSingleton(DefaultSingletonBeanRegistry.java:234) ~[spring-beans-5.3.23.jar:5.3.23]
	at org.springframework.beans.factory.support.AbstractBeanFactory.doGetBean(AbstractBeanFactory.java:333) ~[spring-beans-5.3.23.jar:5.3.23]
	at org.springframework.beans.factory.support.AbstractBeanFactory.getBean(AbstractBeanFactory.java:208) ~[spring-beans-5.3.23.jar:5.3.23]
	at org.springframework.beans.factory.config.DependencyDescriptor.resolveCandidate(DependencyDescriptor.java:276) ~[spring-beans-5.3.23.jar:5.3.23]
	at org.springframework.beans.factory.support.DefaultListableBeanFactory.doResolveDependency(DefaultListableBeanFactory.java:1391) ~[spring-beans-5.3.23.jar:5.3.23]
	at org.springframework.beans.factory.support.DefaultListableBeanFactory.resolveDependency(DefaultListableBeanFactory.java:1311) ~[spring-beans-5.3.23.jar:5.3.23]
	at org.springframework.beans.factory.annotation.AutowiredAnnotationBeanPostProcessor$AutowiredFieldElement.resolveFieldValue(AutowiredAnnotationBeanPostProcessor.java:656) ~[spring-beans-5.3.23.jar:5.3.23]
	... 79 common frames omitted
Caused by: org.springframework.beans.factory.UnsatisfiedDependencyException: Error creating bean with name 'accountService': Unsatisfied dependency expressed through field 'stockService'; nested exception is org.springframework.beans.factory.BeanCreationException: Error creating bean with name 'stockService' defined in file [D:\hatim\Desktop\dal-banque\target\classes\dal\api\banque\services\StockService.class]: Instantiation of bean failed; nested exception is org.springframework.beans.BeanInstantiationException: Failed to instantiate [dal.api.banque.services.StockService]: Constructor threw exception; nested exception is java.lang.NoSuchMethodError: 'java.util.Set org.json.JSONObject.keySet()'
	at org.springframework.beans.factory.annotation.AutowiredAnnotationBeanPostProcessor$AutowiredFieldElement.resolveFieldValue(AutowiredAnnotationBeanPostProcessor.java:659) ~[spring-beans-5.3.23.jar:5.3.23]
	at org.springframework.beans.factory.annotation.AutowiredAnnotationBeanPostProcessor$AutowiredFieldElement.inject(AutowiredAnnotationBeanPostProcessor.java:639) ~[spring-beans-5.3.23.jar:5.3.23]
	at org.springframework.beans.factory.annotation.InjectionMetadata.inject(InjectionMetadata.java:119) ~[spring-beans-5.3.23.jar:5.3.23]
	at org.springframework.beans.factory.annotation.AutowiredAnnotationBeanPostProcessor.postProcessProperties(AutowiredAnnotationBeanPostProcessor.java:399) ~[spring-beans-5.3.23.jar:5.3.23]
	at org.springframework.beans.factory.support.AbstractAutowireCapableBeanFactory.populateBean(AbstractAutowireCapableBeanFactory.java:1431) ~[spring-beans-5.3.23.jar:5.3.23]
	at org.springframework.beans.factory.support.AbstractAutowireCapableBeanFactory.doCreateBean(AbstractAutowireCapableBeanFactory.java:619) ~[spring-beans-5.3.23.jar:5.3.23]
	at org.springframework.beans.factory.support.AbstractAutowireCapableBeanFactory.createBean(AbstractAutowireCapableBeanFactory.java:542) ~[spring-beans-5.3.23.jar:5.3.23]
	at org.springframework.beans.factory.support.AbstractBeanFactory.lambda$doGetBean$0(AbstractBeanFactory.java:335) ~[spring-beans-5.3.23.jar:5.3.23]
	at org.springframework.beans.factory.support.DefaultSingletonBeanRegistry.getSingleton(DefaultSingletonBeanRegistry.java:234) ~[spring-beans-5.3.23.jar:5.3.23]
	at org.springframework.beans.factory.support.AbstractBeanFactory.doGetBean(AbstractBeanFactory.java:333) ~[spring-beans-5.3.23.jar:5.3.23]
	at org.springframework.beans.factory.support.AbstractBeanFactory.getBean(AbstractBeanFactory.java:208) ~[spring-beans-5.3.23.jar:5.3.23]
	at org.springframework.beans.factory.config.DependencyDescriptor.resolveCandidate(DependencyDescriptor.java:276) ~[spring-beans-5.3.23.jar:5.3.23]
	at org.springframework.beans.factory.support.DefaultListableBeanFactory.doResolveDependency(DefaultListableBeanFactory.java:1391) ~[spring-beans-5.3.23.jar:5.3.23]
	at org.springframework.beans.factory.support.DefaultListableBeanFactory.resolveDependency(DefaultListableBeanFactory.java:1311) ~[spring-beans-5.3.23.jar:5.3.23]
	at org.springframework.beans.factory.annotation.AutowiredAnnotationBeanPostProcessor$AutowiredFieldElement.resolveFieldValue(AutowiredAnnotationBeanPostProcessor.java:656) ~[spring-beans-5.3.23.jar:5.3.23]
	... 93 common frames omitted
Caused by: org.springframework.beans.factory.BeanCreationException: Error creating bean with name 'stockService' defined in file [D:\hatim\Desktop\dal-banque\target\classes\dal\api\banque\services\StockService.class]: Instantiation of bean failed; nested exception is org.springframework.beans.BeanInstantiationException: Failed to instantiate [dal.api.banque.services.StockService]: Constructor threw exception; nested exception is java.lang.NoSuchMethodError: 'java.util.Set org.json.JSONObject.keySet()'
	at org.springframework.beans.factory.support.AbstractAutowireCapableBeanFactory.instantiateBean(AbstractAutowireCapableBeanFactory.java:1334) ~[spring-beans-5.3.23.jar:5.3.23]
	at org.springframework.beans.factory.support.AbstractAutowireCapableBeanFactory.createBeanInstance(AbstractAutowireCapableBeanFactory.java:1232) ~[spring-beans-5.3.23.jar:5.3.23]
	at org.springframework.beans.factory.support.AbstractAutowireCapableBeanFactory.doCreateBean(AbstractAutowireCapableBeanFactory.java:582) ~[spring-beans-5.3.23.jar:5.3.23]
	at org.springframework.beans.factory.support.AbstractAutowireCapableBeanFactory.createBean(AbstractAutowireCapableBeanFactory.java:542) ~[spring-beans-5.3.23.jar:5.3.23]
	at org.springframework.beans.factory.support.AbstractBeanFactory.lambda$doGetBean$0(AbstractBeanFactory.java:335) ~[spring-beans-5.3.23.jar:5.3.23]
	at org.springframework.beans.factory.support.DefaultSingletonBeanRegistry.getSingleton(DefaultSingletonBeanRegistry.java:234) ~[spring-beans-5.3.23.jar:5.3.23]
	at org.springframework.beans.factory.support.AbstractBeanFactory.doGetBean(AbstractBeanFactory.java:333) ~[spring-beans-5.3.23.jar:5.3.23]
	at org.springframework.beans.factory.support.AbstractBeanFactory.getBean(AbstractBeanFactory.java:208) ~[spring-beans-5.3.23.jar:5.3.23]
	at org.springframework.beans.factory.config.DependencyDescriptor.resolveCandidate(DependencyDescriptor.java:276) ~[spring-beans-5.3.23.jar:5.3.23]
	at org.springframework.beans.factory.support.DefaultListableBeanFactory.doResolveDependency(DefaultListableBeanFactory.java:1391) ~[spring-beans-5.3.23.jar:5.3.23]
	at org.springframework.beans.factory.support.DefaultListableBeanFactory.resolveDependency(DefaultListableBeanFactory.java:1311) ~[spring-beans-5.3.23.jar:5.3.23]
	at org.springframework.beans.factory.annotation.AutowiredAnnotationBeanPostProcessor$AutowiredFieldElement.resolveFieldValue(AutowiredAnnotationBeanPostProcessor.java:656) ~[spring-beans-5.3.23.jar:5.3.23]
	... 107 common frames omitted
Caused by: org.springframework.beans.BeanInstantiationException: Failed to instantiate [dal.api.banque.services.StockService]: Constructor threw exception; nested exception is java.lang.NoSuchMethodError: 'java.util.Set org.json.JSONObject.keySet()'
	at org.springframework.beans.BeanUtils.instantiateClass(BeanUtils.java:224) ~[spring-beans-5.3.23.jar:5.3.23]
	at org.springframework.beans.factory.support.SimpleInstantiationStrategy.instantiate(SimpleInstantiationStrategy.java:87) ~[spring-beans-5.3.23.jar:5.3.23]
	at org.springframework.beans.factory.support.AbstractAutowireCapableBeanFactory.instantiateBean(AbstractAutowireCapableBeanFactory.java:1326) ~[spring-beans-5.3.23.jar:5.3.23]
	... 118 common frames omitted
Caused by: java.lang.NoSuchMethodError: 'java.util.Set org.json.JSONObject.keySet()'
	at dal.api.banque.services.StockService.loadClientsData(StockService.java:29) ~[classes/:na]
	at dal.api.banque.services.StockService.<init>(StockService.java:22) ~[classes/:na]
	at java.base/jdk.internal.reflect.NativeConstructorAccessorImpl.newInstance0(Native Method) ~[na:na]
	at java.base/jdk.internal.reflect.NativeConstructorAccessorImpl.newInstance(NativeConstructorAccessorImpl.java:77) ~[na:na]
	at java.base/jdk.internal.reflect.DelegatingConstructorAccessorImpl.newInstance(DelegatingConstructorAccessorImpl.java:45) ~[na:na]
	at java.base/java.lang.reflect.Constructor.newInstanceWithCaller(Constructor.java:499) ~[na:na]
	at java.base/java.lang.reflect.Constructor.newInstance(Constructor.java:480) ~[na:na]
	at org.springframework.beans.BeanUtils.instantiateClass(BeanUtils.java:211) ~[spring-beans-5.3.23.jar:5.3.23]
	... 120 common frames omitted

2022-11-15 22:02:31.237  INFO 9732 --- [main] dal.api.banque.BanqueApplicationTests    : Starting BanqueApplicationTests using Java 17.0.4.1 on Hatim-PC with PID 9732 (started by hatim in D:\hatim\Desktop\dal-banque)
2022-11-15 22:02:31.240  INFO 9732 --- [main] dal.api.banque.BanqueApplicationTests    : The following 1 profile is active: "test"
2022-11-15 22:02:32.064  INFO 9732 --- [main] .s.d.r.c.RepositoryConfigurationDelegate : Bootstrapping Spring Data MongoDB repositories in DEFAULT mode.
2022-11-15 22:02:32.133  INFO 9732 --- [main] .s.d.r.c.RepositoryConfigurationDelegate : Finished Spring Data repository scanning in 60 ms. Found 3 MongoDB repository interfaces.
2022-11-15 22:02:32.901  INFO 9732 --- [main] org.mongodb.driver.client                : MongoClient with metadata {"driver": {"name": "mongo-java-driver|sync|spring-boot", "version": "4.6.1"}, "os": {"type": "Windows", "name": "Windows 10", "architecture": "amd64", "version": "10.0"}, "platform": "Java/Oracle Corporation/17.0.4.1+1-LTS-2"} created with settings MongoClientSettings{readPreference=primary, writeConcern=WriteConcern{w=null, wTimeout=null ms, journal=null}, retryWrites=true, retryReads=true, readConcern=ReadConcern{level=null}, credential=MongoCredential{mechanism=null, userName='admin', source='admin', password=<hidden>, mechanismProperties=<hidden>}, streamFactoryFactory=null, commandListeners=[], codecRegistry=ProvidersCodecRegistry{codecProviders=[ValueCodecProvider{}, BsonValueCodecProvider{}, DBRefCodecProvider{}, DBObjectCodecProvider{}, DocumentCodecProvider{}, IterableCodecProvider{}, MapCodecProvider{}, GeoJsonCodecProvider{}, GridFSFileCodecProvider{}, Jsr310CodecProvider{}, JsonObjectCodecProvider{}, BsonCodecProvider{}, EnumCodecProvider{}, com.mongodb.Jep395RecordCodecProvider@203d1d93]}, clusterSettings={hosts=[127.0.0.1:27017], srvHost=cluster0.ixeky8x.mongodb.net, srvServiceName=mongodb, mode=MULTIPLE, requiredClusterType=REPLICA_SET, requiredReplicaSetName='atlas-o068so-shard-0', serverSelector='null', clusterListeners='[]', serverSelectionTimeout='30000 ms', localThreshold='30000 ms'}, socketSettings=SocketSettings{connectTimeoutMS=10000, readTimeoutMS=0, receiveBufferSize=0, sendBufferSize=0}, heartbeatSocketSettings=SocketSettings{connectTimeoutMS=10000, readTimeoutMS=10000, receiveBufferSize=0, sendBufferSize=0}, connectionPoolSettings=ConnectionPoolSettings{maxSize=100, minSize=0, maxWaitTimeMS=120000, maxConnectionLifeTimeMS=0, maxConnectionIdleTimeMS=0, maintenanceInitialDelayMS=0, maintenanceFrequencyMS=60000, connectionPoolListeners=[], maxConnecting=2}, serverSettings=ServerSettings{heartbeatFrequencyMS=10000, minHeartbeatFrequencyMS=500, serverListeners='[]', serverMonitorListeners='[]'}, sslSettings=SslSettings{enabled=true, invalidHostNameAllowed=false, context=null}, applicationName='null', compressorList=[], uuidRepresentation=JAVA_LEGACY, serverApi=null, autoEncryptionSettings=null, contextProvider=null}
2022-11-15 22:02:32.902  INFO 9732 --- [cluster-ClusterId{value='6373fe68bdb825272ed7c831', description='null'}-srv-cluster0.ixeky8x.mongodb.net] org.mongodb.driver.cluster               : Adding discovered server ac-zmrs4ec-shard-00-02.ixeky8x.mongodb.net:27017 to client view of cluster
2022-11-15 22:02:32.934  INFO 9732 --- [cluster-ClusterId{value='6373fe68bdb825272ed7c831', description='null'}-srv-cluster0.ixeky8x.mongodb.net] org.mongodb.driver.cluster               : Adding discovered server ac-zmrs4ec-shard-00-01.ixeky8x.mongodb.net:27017 to client view of cluster
2022-11-15 22:02:32.937  INFO 9732 --- [cluster-ClusterId{value='6373fe68bdb825272ed7c831', description='null'}-srv-cluster0.ixeky8x.mongodb.net] org.mongodb.driver.cluster               : Adding discovered server ac-zmrs4ec-shard-00-00.ixeky8x.mongodb.net:27017 to client view of cluster
2022-11-15 22:02:33.795  INFO 9732 --- [cluster-rtt-ClusterId{value='6373fe68bdb825272ed7c831', description='null'}-ac-zmrs4ec-shard-00-01.ixeky8x.mongodb.net:27017] org.mongodb.driver.connection            : Opened connection [connectionId{localValue:4, serverValue:723497}] to ac-zmrs4ec-shard-00-01.ixeky8x.mongodb.net:27017
2022-11-15 22:02:33.795  INFO 9732 --- [cluster-ClusterId{value='6373fe68bdb825272ed7c831', description='null'}-ac-zmrs4ec-shard-00-01.ixeky8x.mongodb.net:27017] org.mongodb.driver.connection            : Opened connection [connectionId{localValue:3, serverValue:723497}] to ac-zmrs4ec-shard-00-01.ixeky8x.mongodb.net:27017
2022-11-15 22:02:33.795  INFO 9732 --- [cluster-rtt-ClusterId{value='6373fe68bdb825272ed7c831', description='null'}-ac-zmrs4ec-shard-00-00.ixeky8x.mongodb.net:27017] org.mongodb.driver.connection            : Opened connection [connectionId{localValue:6, serverValue:720985}] to ac-zmrs4ec-shard-00-00.ixeky8x.mongodb.net:27017
2022-11-15 22:02:33.796  INFO 9732 --- [cluster-ClusterId{value='6373fe68bdb825272ed7c831', description='null'}-ac-zmrs4ec-shard-00-02.ixeky8x.mongodb.net:27017] org.mongodb.driver.connection            : Opened connection [connectionId{localValue:1, serverValue:718900}] to ac-zmrs4ec-shard-00-02.ixeky8x.mongodb.net:27017
2022-11-15 22:02:33.796  INFO 9732 --- [cluster-ClusterId{value='6373fe68bdb825272ed7c831', description='null'}-ac-zmrs4ec-shard-00-01.ixeky8x.mongodb.net:27017] org.mongodb.driver.cluster               : Monitor thread successfully connected to server with description ServerDescription{address=ac-zmrs4ec-shard-00-01.ixeky8x.mongodb.net:27017, type=REPLICA_SET_PRIMARY, state=CONNECTED, ok=true, minWireVersion=0, maxWireVersion=13, maxDocumentSize=16777216, logicalSessionTimeoutMinutes=30, roundTripTimeNanos=464503800, setName='atlas-o068so-shard-0', canonicalAddress=ac-zmrs4ec-shard-00-01.ixeky8x.mongodb.net:27017, hosts=[ac-zmrs4ec-shard-00-00.ixeky8x.mongodb.net:27017, ac-zmrs4ec-shard-00-01.ixeky8x.mongodb.net:27017, ac-zmrs4ec-shard-00-02.ixeky8x.mongodb.net:27017], passives=[], arbiters=[], primary='ac-zmrs4ec-shard-00-01.ixeky8x.mongodb.net:27017', tagSet=TagSet{[Tag{name='nodeType', value='ELECTABLE'}, Tag{name='provider', value='AWS'}, Tag{name='region', value='EU_WEST_3'}, Tag{name='workloadType', value='OPERATIONAL'}]}, electionId=7fffffff0000000000000018, setVersion=2, topologyVersion=TopologyVersion{processId=6349b4f15b3cd69029ed3b93, counter=6}, lastWriteDate=Tue Nov 15 22:02:34 CET 2022, lastUpdateTimeNanos=116105743765200}
2022-11-15 22:02:33.796  INFO 9732 --- [cluster-ClusterId{value='6373fe68bdb825272ed7c831', description='null'}-ac-zmrs4ec-shard-00-00.ixeky8x.mongodb.net:27017] org.mongodb.driver.connection            : Opened connection [connectionId{localValue:5, serverValue:720985}] to ac-zmrs4ec-shard-00-00.ixeky8x.mongodb.net:27017
2022-11-15 22:02:33.796  INFO 9732 --- [cluster-rtt-ClusterId{value='6373fe68bdb825272ed7c831', description='null'}-ac-zmrs4ec-shard-00-02.ixeky8x.mongodb.net:27017] org.mongodb.driver.connection            : Opened connection [connectionId{localValue:2, serverValue:718900}] to ac-zmrs4ec-shard-00-02.ixeky8x.mongodb.net:27017
2022-11-15 22:02:33.796  INFO 9732 --- [cluster-ClusterId{value='6373fe68bdb825272ed7c831', description='null'}-ac-zmrs4ec-shard-00-00.ixeky8x.mongodb.net:27017] org.mongodb.driver.cluster               : Monitor thread successfully connected to server with description ServerDescription{address=ac-zmrs4ec-shard-00-00.ixeky8x.mongodb.net:27017, type=REPLICA_SET_SECONDARY, state=CONNECTED, ok=true, minWireVersion=0, maxWireVersion=13, maxDocumentSize=16777216, logicalSessionTimeoutMinutes=30, roundTripTimeNanos=448871400, setName='atlas-o068so-shard-0', canonicalAddress=ac-zmrs4ec-shard-00-00.ixeky8x.mongodb.net:27017, hosts=[ac-zmrs4ec-shard-00-00.ixeky8x.mongodb.net:27017, ac-zmrs4ec-shard-00-01.ixeky8x.mongodb.net:27017, ac-zmrs4ec-shard-00-02.ixeky8x.mongodb.net:27017], passives=[], arbiters=[], primary='ac-zmrs4ec-shard-00-01.ixeky8x.mongodb.net:27017', tagSet=TagSet{[Tag{name='nodeType', value='ELECTABLE'}, Tag{name='provider', value='AWS'}, Tag{name='region', value='EU_WEST_3'}, Tag{name='workloadType', value='OPERATIONAL'}]}, electionId=null, setVersion=2, topologyVersion=TopologyVersion{processId=6349b3cf930a68ab180a2dd0, counter=4}, lastWriteDate=Tue Nov 15 22:02:34 CET 2022, lastUpdateTimeNanos=116105743884100}
2022-11-15 22:02:33.796  INFO 9732 --- [cluster-ClusterId{value='6373fe68bdb825272ed7c831', description='null'}-ac-zmrs4ec-shard-00-02.ixeky8x.mongodb.net:27017] org.mongodb.driver.cluster               : Monitor thread successfully connected to server with description ServerDescription{address=ac-zmrs4ec-shard-00-02.ixeky8x.mongodb.net:27017, type=REPLICA_SET_SECONDARY, state=CONNECTED, ok=true, minWireVersion=0, maxWireVersion=13, maxDocumentSize=16777216, logicalSessionTimeoutMinutes=30, roundTripTimeNanos=458093200, setName='atlas-o068so-shard-0', canonicalAddress=ac-zmrs4ec-shard-00-02.ixeky8x.mongodb.net:27017, hosts=[ac-zmrs4ec-shard-00-00.ixeky8x.mongodb.net:27017, ac-zmrs4ec-shard-00-01.ixeky8x.mongodb.net:27017, ac-zmrs4ec-shard-00-02.ixeky8x.mongodb.net:27017], passives=[], arbiters=[], primary='ac-zmrs4ec-shard-00-01.ixeky8x.mongodb.net:27017', tagSet=TagSet{[Tag{name='nodeType', value='ELECTABLE'}, Tag{name='provider', value='AWS'}, Tag{name='region', value='EU_WEST_3'}, Tag{name='workloadType', value='OPERATIONAL'}]}, electionId=null, setVersion=2, topologyVersion=TopologyVersion{processId=6349b61e74eda21bd50827d2, counter=3}, lastWriteDate=Tue Nov 15 22:02:34 CET 2022, lastUpdateTimeNanos=116105743260500}
2022-11-15 22:02:33.802  INFO 9732 --- [cluster-ClusterId{value='6373fe68bdb825272ed7c831', description='null'}-ac-zmrs4ec-shard-00-01.ixeky8x.mongodb.net:27017] org.mongodb.driver.cluster               : Setting max election id to 7fffffff0000000000000018 from replica set primary ac-zmrs4ec-shard-00-01.ixeky8x.mongodb.net:27017
2022-11-15 22:02:33.803  INFO 9732 --- [cluster-ClusterId{value='6373fe68bdb825272ed7c831', description='null'}-ac-zmrs4ec-shard-00-01.ixeky8x.mongodb.net:27017] org.mongodb.driver.cluster               : Setting max set version to 2 from replica set primary ac-zmrs4ec-shard-00-01.ixeky8x.mongodb.net:27017
2022-11-15 22:02:33.803  INFO 9732 --- [cluster-ClusterId{value='6373fe68bdb825272ed7c831', description='null'}-ac-zmrs4ec-shard-00-01.ixeky8x.mongodb.net:27017] org.mongodb.driver.cluster               : Discovered replica set primary ac-zmrs4ec-shard-00-01.ixeky8x.mongodb.net:27017
2022-11-15 22:02:34.096  INFO 9732 --- [main] o.s.s.web.DefaultSecurityFilterChain     : Will secure any request with [org.springframework.security.web.session.DisableEncodeUrlFilter@22cb3d59, org.springframework.security.web.context.request.async.WebAsyncManagerIntegrationFilter@33e4b9c4, org.springframework.security.web.context.SecurityContextPersistenceFilter@48cd319d, org.springframework.security.web.header.HeaderWriterFilter@66f16742, org.springframework.security.web.authentication.logout.LogoutFilter@76396509, org.springframework.security.web.authentication.www.BasicAuthenticationFilter@26da1ba2, org.springframework.security.web.savedrequest.RequestCacheAwareFilter@372f0a99, org.springframework.security.web.servletapi.SecurityContextHolderAwareRequestFilter@16cf8438, org.springframework.security.web.authentication.AnonymousAuthenticationFilter@5cff729b, org.springframework.security.web.session.SessionManagementFilter@1e226bcd, org.springframework.security.web.access.ExceptionTranslationFilter@30f28b5, org.springframework.security.web.access.intercept.FilterSecurityInterceptor@723e2d08]
2022-11-15 22:02:35.622  INFO 9732 --- [main] o.s.b.t.m.w.SpringBootMockServletContext : Initializing Spring TestDispatcherServlet ''
2022-11-15 22:02:35.623  INFO 9732 --- [main] o.s.t.web.servlet.TestDispatcherServlet  : Initializing Servlet ''
2022-11-15 22:02:35.625  INFO 9732 --- [main] o.s.t.web.servlet.TestDispatcherServlet  : Completed initialization in 2 ms
2022-11-15 22:02:35.658  INFO 9732 --- [main] dal.api.banque.BanqueApplicationTests    : Started BanqueApplicationTests in 4.855 seconds (JVM running for 5.994)
2022-11-15 22:02:35.700  INFO 9732 --- [main] dal.api.banque.services.BanqueService    : Creation de la banque
2022-11-15 22:02:35.700  INFO 9732 --- [main] dal.api.banque.services.BanqueService    : Recuperation des données de la banque
2022-11-15 22:02:35.921  INFO 9732 --- [main] org.mongodb.driver.connection            : Opened connection [connectionId{localValue:7, serverValue:723286}] to ac-zmrs4ec-shard-00-01.ixeky8x.mongodb.net:27017
2022-11-15 22:02:37.314  INFO 9732 --- [main] d.api.banque.services.QuotationService   : Creating quotation for seller: test and buyer: test2
2022-11-15 22:02:37.468  INFO 9732 --- [main] d.api.banque.services.QuotationService   : Quotation created with id: 6373fe6dbdb825272ed7c832
2022-11-15 22:02:37.558  INFO 9732 --- [main] d.api.banque.services.QuotationService   : Creating quotation for seller: test and buyer: test2
2022-11-15 22:02:37.892  INFO 9732 --- [main] d.api.banque.services.QuotationService   : Quotation created with id: 6373fe6dbdb825272ed7c833
2022-11-15 22:02:38.053  INFO 9732 --- [main] d.api.banque.services.QuotationService   : Creating transaction for quotation with id: 6373fe6dbdb825272ed7c833
2022-11-15 22:02:38.127  INFO 9732 --- [main] d.api.banque.services.QuotationService   : Buyer: test and seller: test2
2022-11-15 22:02:38.127  INFO 9732 --- [main] d.api.banque.services.QuotationService   : Buyer balance: -231000.0 and seller balance: 201000.0
2022-11-15 22:02:38.240  INFO 9732 --- [main] d.api.banque.services.QuotationService   : Transaction completed
2022-11-15 22:02:38.260  INFO 9732 --- [main] d.api.banque.services.QuotationService   : Quotation validated
2022-11-15 22:02:38.283  INFO 9732 --- [main] dal.api.banque.services.BanqueService    : Recuperation des données de la banque
